# JRE version: Java(TM) SE Runtime Environment (8.0_60-b27) (build 1.8.0_60-b27)
# Java VM: Java HotSpot(TM) 64-Bit Server VM (25.60-b23 mixed mode windows-amd64 compressed oops)
Heap:
 PSYoungGen      total 33792K, used 27262K [0x00000000f7780000, 0x00000000f9e80000, 0x0000000100000000)
  eden space 27648K, 82% used [0x00000000f7780000,0x00000000f8de3368,0x00000000f9280000)
  from space 6144K, 70% used [0x00000000f9880000,0x00000000f9cbc7d0,0x00000000f9e80000)
  to   space 6144K, 0% used [0x00000000f9280000,0x00000000f9280000,0x00000000f9880000)
 ParOldGen       total 126464K, used 87631K [0x00000000e6600000, 0x00000000ee180000, 0x00000000f7780000)
  object space 126464K, 69% used [0x00000000e6600000,0x00000000ebb93fd0,0x00000000ee180000)
 Metaspace       used 86052K, capacity 95375K, committed 95448K, reserved 1132544K
  class space    used 10078K, capacity 12773K, committed 12800K, reserved 1048576K
GC Heap History (10 events):
Event: 371517.480 GC heap before
{Heap before GC invocations=335 (full 5):
 PSYoungGen      total 33792K, used 32218K [0x00000000f7780000, 0x00000000f9e80000, 0x0000000100000000)
  eden space 27648K, 100% used [0x00000000f7780000,0x00000000f9280000,0x00000000f9280000)
  from space 6144K, 74% used [0x00000000f9280000,0x00000000f96f6968,0x00000000f9880000)
  to   space 6144K, 0% used [0x00000000f9880000,0x00000000f9880000,0x00000000f9e80000)
 ParOldGen       total 126464K, used 87111K [0x00000000e6600000, 0x00000000ee180000, 0x00000000f7780000)
  object space 126464K, 68% used [0x00000000e6600000,0x00000000ebb11df8,0x00000000ee180000)
 Metaspace       used 86050K, capacity 95375K, committed 95448K, reserved 1132544K
  class space    used 10078K, capacity 12773K, committed 12800K, reserved 1048576K
Event: 371517.496 GC heap after
Heap after GC invocations=335 (full 5):
 PSYoungGen      total 33792K, used 4458K [0x00000000f7780000, 0x00000000f9e80000, 0x0000000100000000)
  eden space 27648K, 0% used [0x00000000f7780000,0x00000000f7780000,0x00000000f9280000)
  from space 6144K, 72% used [0x00000000f9880000,0x00000000f9cda978,0x00000000f9e80000)
  to   space 6144K, 0% used [0x00000000f9280000,0x00000000f9280000,0x00000000f9880000)
 ParOldGen       total 126464K, used 87239K [0x00000000e6600000, 0x00000000ee180000, 0x00000000f7780000)
  object space 126464K, 68% used [0x00000000e6600000,0x00000000ebb31e28,0x00000000ee180000)
 Metaspace       used 86050K, capacity 95375K, committed 95448K, reserved 1132544K
  class space    used 10078K, capacity 12773K, committed 12800K, reserved 1048576K
}
Event: 372056.926 GC heap before
{Heap before GC invocations=336 (full 5):
 PSYoungGen      total 33792K, used 32106K [0x00000000f7780000, 0x00000000f9e80000, 0x0000000100000000)
  eden space 27648K, 100% used [0x00000000f7780000,0x00000000f9280000,0x00000000f9280000)
  from space 6144K, 72% used [0x00000000f9880000,0x00000000f9cda978,0x00000000f9e80000)
  to   space 6144K, 0% used [0x00000000f9280000,0x00000000f9280000,0x00000000f9880000)
 ParOldGen       total 126464K, used 87239K [0x00000000e6600000, 0x00000000ee180000, 0x00000000f7780000)
  object space 126464K, 68% used [0x00000000e6600000,0x00000000ebb31e28,0x00000000ee180000)
 Metaspace       used 86050K, capacity 95375K, committed 95448K, reserved 1132544K
  class space    used 10078K, capacity 12773K, committed 12800K, reserved 1048576K
Event: 372056.940 GC heap after
Heap after GC invocations=336 (full 5):
 PSYoungGen      total 33792K, used 4481K [0x00000000f7780000, 0x00000000f9f80000, 0x0000000100000000)
  eden space 27648K, 0% used [0x00000000f7780000,0x00000000f7780000,0x00000000f9280000)
  from space 6144K, 72% used [0x00000000f9280000,0x00000000f96e07c0,0x00000000f9880000)
  to   space 6656K, 0% used [0x00000000f9900000,0x00000000f9900000,0x00000000f9f80000)
 ParOldGen       total 126464K, used 87303K [0x00000000e6600000, 0x00000000ee180000, 0x00000000f7780000)
  object space 126464K, 69% used [0x00000000e6600000,0x00000000ebb41fd0,0x00000000ee180000)
 Metaspace       used 86050K, capacity 95375K, committed 95448K, reserved 1132544K
  class space    used 10078K, capacity 12773K, committed 12800K, reserved 1048576K
}
Event: 373593.078 GC heap before
{Heap before GC invocations=337 (full 5):
 PSYoungGen      total 33792K, used 32129K [0x00000000f7780000, 0x00000000f9f80000, 0x0000000100000000)
  eden space 27648K, 100% used [0x00000000f7780000,0x00000000f9280000,0x00000000f9280000)
  from space 6144K, 72% used [0x00000000f9280000,0x00000000f96e07c0,0x00000000f9880000)
  to   space 6656K, 0% used [0x00000000f9900000,0x00000000f9900000,0x00000000f9f80000)
 ParOldGen       total 126464K, used 87303K [0x00000000e6600000, 0x00000000ee180000, 0x00000000f7780000)
  object space 126464K, 69% used [0x00000000e6600000,0x00000000ebb41fd0,0x00000000ee180000)
 Metaspace       used 86050K, capacity 95375K, committed 95448K, reserved 1132544K
  class space    used 10078K, capacity 12773K, committed 12800K, reserved 1048576K
Event: 373593.091 GC heap after
Heap after GC invocations=337 (full 5):
 PSYoungGen      total 34304K, used 4417K [0x00000000f7780000, 0x00000000f9f80000, 0x0000000100000000)
  eden space 27648K, 0% used [0x00000000f7780000,0x00000000f7780000,0x00000000f9280000)
  from space 6656K, 66% used [0x00000000f9900000,0x00000000f9d507c0,0x00000000f9f80000)
  to   space 6656K, 0% used [0x00000000f9280000,0x00000000f9280000,0x00000000f9900000)
 ParOldGen       total 126464K, used 87399K [0x00000000e6600000, 0x00000000ee180000, 0x00000000f7780000)
  object space 126464K, 69% used [0x00000000e6600000,0x00000000ebb59fd0,0x00000000ee180000)
 Metaspace       used 86050K, capacity 95375K, committed 95448K, reserved 1132544K
  class space    used 10078K, capacity 12773K, committed 12800K, reserved 1048576K
}
Event: 375109.763 GC heap before
{Heap before GC invocations=338 (full 5):
 PSYoungGen      total 34304K, used 32065K [0x00000000f7780000, 0x00000000f9f80000, 0x0000000100000000)
  eden space 27648K, 100% used [0x00000000f7780000,0x00000000f9280000,0x00000000f9280000)
  from space 6656K, 66% used [0x00000000f9900000,0x00000000f9d507c0,0x00000000f9f80000)
  to   space 6656K, 0% used [0x00000000f9280000,0x00000000f9280000,0x00000000f9900000)
 ParOldGen       total 126464K, used 87399K [0x00000000e6600000, 0x00000000ee180000, 0x00000000f7780000)
  object space 126464K, 69% used [0x00000000e6600000,0x00000000ebb59fd0,0x00000000ee180000)
 Metaspace       used 86050K, capacity 95375K, committed 95448K, reserved 1132544K
  class space    used 10078K, capacity 12773K, committed 12800K, reserved 1048576K
Event: 375109.778 GC heap after
Heap after GC invocations=338 (full 5):
 PSYoungGen      total 32256K, used 4385K [0x00000000f7780000, 0x00000000f9e80000, 0x0000000100000000)
  eden space 27648K, 0% used [0x00000000f7780000,0x00000000f7780000,0x00000000f9280000)
  from space 4608K, 95% used [0x00000000f9280000,0x00000000f96c87c0,0x00000000f9700000)
  to   space 6144K, 0% used [0x00000000f9880000,0x00000000f9880000,0x00000000f9e80000)
 ParOldGen       total 126464K, used 87503K [0x00000000e6600000, 0x00000000ee180000, 0x00000000f7780000)
  object space 126464K, 69% used [0x00000000e6600000,0x00000000ebb73fd0,0x00000000ee180000)
 Metaspace       used 86050K, capacity 95375K, committed 95448K, reserved 1132544K
  class space    used 10078K, capacity 12773K, committed 12800K, reserved 1048576K
}
Event: 376477.013 GC heap before
{Heap before GC invocations=339 (full 5):
 PSYoungGen      total 32256K, used 32033K [0x00000000f7780000, 0x00000000f9e80000, 0x0000000100000000)
  eden space 27648K, 100% used [0x00000000f7780000,0x00000000f9280000,0x00000000f9280000)
  from space 4608K, 95% used [0x00000000f9280000,0x00000000f96c87c0,0x00000000f9700000)
  to   space 6144K, 0% used [0x00000000f9880000,0x00000000f9880000,0x00000000f9e80000)
 ParOldGen       total 126464K, used 87503K [0x00000000e6600000, 0x00000000ee180000, 0x00000000f7780000)
  object space 126464K, 69% used [0x00000000e6600000,0x00000000ebb73fd0,0x00000000ee180000)
 Metaspace       used 86050K, capacity 95375K, committed 95448K, reserved 1132544K
  class space    used 10078K, capacity 12773K, committed 12800K, reserved 1048576K
Event: 376477.029 GC heap after
Heap after GC invocations=339 (full 5):
 PSYoungGen      total 33792K, used 4337K [0x00000000f7780000, 0x00000000f9e80000, 0x0000000100000000)
  eden space 27648K, 0% used [0x00000000f7780000,0x00000000f7780000,0x00000000f9280000)
  from space 6144K, 70% used [0x00000000f9880000,0x00000000f9cbc7d0,0x00000000f9e80000)
  to   space 6144K, 0% used [0x00000000f9280000,0x00000000f9280000,0x00000000f9880000)
 ParOldGen       total 126464K, used 87631K [0x00000000e6600000, 0x00000000ee180000, 0x00000000f7780000)
  object space 126464K, 69% used [0x00000000e6600000,0x00000000ebb93fd0,0x00000000ee180000)
 Metaspace       used 86050K, capacity 95375K, committed 95448K, reserved 1132544K
  class space    used 10078K, capacity 12773K, committed 12800K, reserved 1048576K
}

